<?xml version="1.0" encoding="UTF-8"?>
<testng-results skipped="0" failed="0" ignored="0" total="2" passed="2">
  <reporter-output>
  </reporter-output>
  <suite name="Suite" duration-ms="17" started-at="2019-05-10T14:56:37Z" finished-at="2019-05-10T14:56:37Z">
    <groups>
    </groups>
    <test name="Test" duration-ms="17" started-at="2019-05-10T14:56:37Z" finished-at="2019-05-10T14:56:37Z">
      <class name="softwaretesingmaterial.TestngAnnotation">
        <test-method status="PASS" signature="beforeSuite()[pri:0, instance:softwaretesingmaterial.TestngAnnotation@5bfbf16f]" name="beforeSuite" is-config="true" duration-ms="8" started-at="2019-05-10T14:56:37Z" finished-at="2019-05-10T14:56:37Z">
          <reporter-output>
          </reporter-output>
        </test-method> <!-- beforeSuite -->
        <test-method status="PASS" signature="beforeTest()[pri:0, instance:softwaretesingmaterial.TestngAnnotation@5bfbf16f]" name="beforeTest" is-config="true" duration-ms="0" started-at="2019-05-10T14:56:37Z" finished-at="2019-05-10T14:56:37Z">
          <reporter-output>
          </reporter-output>
        </test-method> <!-- beforeTest -->
        <test-method status="PASS" signature="beforeClass()[pri:0, instance:softwaretesingmaterial.TestngAnnotation@5bfbf16f]" name="beforeClass" is-config="true" duration-ms="1" started-at="2019-05-10T14:56:37Z" finished-at="2019-05-10T14:56:37Z">
          <reporter-output>
          </reporter-output>
        </test-method> <!-- beforeClass -->
        <test-method status="PASS" signature="beforeMethod()[pri:0, instance:softwaretesingmaterial.TestngAnnotation@5bfbf16f]" name="beforeMethod" is-config="true" duration-ms="0" started-at="2019-05-10T14:56:37Z" finished-at="2019-05-10T14:56:37Z">
          <reporter-output>
          </reporter-output>
        </test-method> <!-- beforeMethod -->
        <test-method status="PASS" signature="testCase1()[pri:0, instance:softwaretesingmaterial.TestngAnnotation@5bfbf16f]" name="testCase1" duration-ms="3" started-at="2019-05-10T14:56:37Z" finished-at="2019-05-10T14:56:37Z">
          <reporter-output>
          </reporter-output>
        </test-method> <!-- testCase1 -->
        <test-method status="PASS" signature="afterMethod()[pri:0, instance:softwaretesingmaterial.TestngAnnotation@5bfbf16f]" name="afterMethod" is-config="true" duration-ms="1" started-at="2019-05-10T14:56:37Z" finished-at="2019-05-10T14:56:37Z">
          <reporter-output>
          </reporter-output>
        </test-method> <!-- afterMethod -->
        <test-method status="PASS" signature="beforeMethod()[pri:0, instance:softwaretesingmaterial.TestngAnnotation@5bfbf16f]" name="beforeMethod" is-config="true" duration-ms="0" started-at="2019-05-10T14:56:37Z" finished-at="2019-05-10T14:56:37Z">
          <reporter-output>
          </reporter-output>
        </test-method> <!-- beforeMethod -->
        <test-method status="PASS" signature="testCase2()[pri:0, instance:softwaretesingmaterial.TestngAnnotation@5bfbf16f]" name="testCase2" duration-ms="1" started-at="2019-05-10T14:56:37Z" finished-at="2019-05-10T14:56:37Z">
          <reporter-output>
          </reporter-output>
        </test-method> <!-- testCase2 -->
        <test-method status="PASS" signature="afterMethod()[pri:0, instance:softwaretesingmaterial.TestngAnnotation@5bfbf16f]" name="afterMethod" is-config="true" duration-ms="1" started-at="2019-05-10T14:56:37Z" finished-at="2019-05-10T14:56:37Z">
          <reporter-output>
          </reporter-output>
        </test-method> <!-- afterMethod -->
        <test-method status="PASS" signature="afterClass()[pri:0, instance:softwaretesingmaterial.TestngAnnotation@5bfbf16f]" name="afterClass" is-config="true" duration-ms="0" started-at="2019-05-10T14:56:37Z" finished-at="2019-05-10T14:56:37Z">
          <reporter-output>
          </reporter-output>
        </test-method> <!-- afterClass -->
        <test-method status="PASS" signature="afterTest()[pri:0, instance:softwaretesingmaterial.TestngAnnotation@5bfbf16f]" name="afterTest" is-config="true" duration-ms="0" started-at="2019-05-10T14:56:37Z" finished-at="2019-05-10T14:56:37Z">
          <reporter-output>
          </reporter-output>
        </test-method> <!-- afterTest -->
        <test-method status="PASS" signature="afterSuite()[pri:0, instance:softwaretesingmaterial.TestngAnnotation@5bfbf16f]" name="afterSuite" is-config="true" duration-ms="1" started-at="2019-05-10T14:56:38Z" finished-at="2019-05-10T14:56:38Z">
          <reporter-output>
          </reporter-output>
        </test-method> <!-- afterSuite -->
      </class> <!-- softwaretesingmaterial.TestngAnnotation -->
    </test> <!-- Test -->
  </suite> <!-- Suite -->
</testng-results>
